D:\WORK\GSVN\NEURON-SIM\5\NEURONSIM\MAINAPP\DEBUG\MAINAPP.PCH
D:\WORK\GSVN\NEURON-SIM\5\NEURONSIM\MAINAPP\DEBUG\STDAFX.OBJ
D:\WORK\GSVN\NEURON-SIM\5\NEURONSIM\MAINAPP\DEBUG\VC110.PDB
D:\WORK\GSVN\NEURON-SIM\5\NEURONSIM\MAINAPP\DEBUG\MAINAPP.OBJ
D:\WORK\GSVN\NEURON-SIM\5\NEURONSIM\MAINAPP\DEBUG\MANAGER.OBJ
D:\WORK\GSVN\NEURON-SIM\5\NEURONSIM\MAINAPP\DEBUG\NETWORKPARAMETERS.OBJ
D:\WORK\GSVN\NEURON-SIM\5\NEURONSIM\MAINAPP\DEBUG\NEURON.OBJ
D:\WORK\GSVN\NEURON-SIM\5\NEURONSIM\MAINAPP\DEBUG\NEURONCONNECTION.OBJ
D:\WORK\GSVN\NEURON-SIM\5\NEURONSIM\MAINAPP\DEBUG\NEURONCONNECTIVITYBASE.OBJ
D:\WORK\GSVN\NEURON-SIM\5\NEURONSIM\MAINAPP\DEBUG\NEURONCONNECTIVITYFILE.OBJ
D:\WORK\GSVN\NEURON-SIM\5\NEURONSIM\MAINAPP\DEBUG\SYNAPSE.OBJ
D:\WORK\GSVN\NEURON-SIM\5\NEURONSIM\DEBUG\MAINAPP.ILK
D:\WORK\GSVN\NEURON-SIM\5\NEURONSIM\DEBUG\MAINAPP.EXE
D:\WORK\GSVN\NEURON-SIM\5\NEURONSIM\DEBUG\MAINAPP.PDB
D:\Work\GSVN\neuron-sim\5\NeuronSim\MainApp\Debug\MainApp.obj
D:\Work\GSVN\neuron-sim\5\NeuronSim\MainApp\Debug\Manager.obj
D:\Work\GSVN\neuron-sim\5\NeuronSim\MainApp\Debug\NetworkParameters.obj
D:\Work\GSVN\neuron-sim\5\NeuronSim\MainApp\Debug\Neuron.obj
D:\Work\GSVN\neuron-sim\5\NeuronSim\MainApp\Debug\NeuronConnection.obj
D:\Work\GSVN\neuron-sim\5\NeuronSim\MainApp\Debug\NeuronConnectivityBase.obj
D:\Work\GSVN\neuron-sim\5\NeuronSim\MainApp\Debug\NeuronConnectivityFile.obj
D:\Work\GSVN\neuron-sim\5\NeuronSim\MainApp\Debug\stdafx.obj
D:\Work\GSVN\neuron-sim\5\NeuronSim\MainApp\Debug\Synapse.obj
D:\Work\GSVN\neuron-sim\5\NeuronSim\MainApp\Debug\cl.command.1.tlog
D:\Work\GSVN\neuron-sim\5\NeuronSim\MainApp\Debug\CL.read.1.tlog
D:\Work\GSVN\neuron-sim\5\NeuronSim\MainApp\Debug\CL.write.1.tlog
D:\Work\GSVN\neuron-sim\5\NeuronSim\MainApp\Debug\link-cvtres.read.1.tlog
D:\Work\GSVN\neuron-sim\5\NeuronSim\MainApp\Debug\link-cvtres.write.1.tlog
D:\Work\GSVN\neuron-sim\5\NeuronSim\MainApp\Debug\link-rc.read.1.tlog
D:\Work\GSVN\neuron-sim\5\NeuronSim\MainApp\Debug\link-rc.write.1.tlog
D:\Work\GSVN\neuron-sim\5\NeuronSim\MainApp\Debug\link.6040-cvtres.read.1.tlog
D:\Work\GSVN\neuron-sim\5\NeuronSim\MainApp\Debug\link.6040-cvtres.write.1.tlog
D:\Work\GSVN\neuron-sim\5\NeuronSim\MainApp\Debug\link.6040-rc.read.1.tlog
D:\Work\GSVN\neuron-sim\5\NeuronSim\MainApp\Debug\link.6040-rc.write.1.tlog
D:\Work\GSVN\neuron-sim\5\NeuronSim\MainApp\Debug\link.6040.read.1.tlog
D:\Work\GSVN\neuron-sim\5\NeuronSim\MainApp\Debug\link.6040.write.1.tlog
D:\Work\GSVN\neuron-sim\5\NeuronSim\MainApp\Debug\link.command.1.tlog
D:\Work\GSVN\neuron-sim\5\NeuronSim\MainApp\Debug\link.read.1.tlog
D:\Work\GSVN\neuron-sim\5\NeuronSim\MainApp\Debug\link.write.1.tlog
D:\Work\GSVN\neuron-sim\5\NeuronSim\MainApp\Debug\MainApp.pch
D:\Work\GSVN\neuron-sim\5\NeuronSim\MainApp\Debug\vc110.idb
D:\Work\GSVN\neuron-sim\5\NeuronSim\MainApp\Debug\vc110.pdb
D:\Work\GSVN\neuron-sim\5\NeuronSim\Debug\MainApp.pdb
D:\Work\GSVN\neuron-sim\5\NeuronSim\Debug\MainApp.exe
D:\Work\GSVN\neuron-sim\5\NeuronSim\Debug\MainApp.ilk
